<?xml version="1.0" encoding="UTF-8"?>
<testng-results ignored="0" total="1" passed="1" failed="0" skipped="0">
  <reporter-output>
    <line>
      <![CDATA[<div "featureFile">Feature File: Orange_hrm.feature</div>]]>
    </line>
    <line>
      <![CDATA[<div "feature">Feature: OrangeHRM Feature File</div>]]>
    </line>
    <line>
      <![CDATA[<div "scenario">Scenario: TC01_Successful Employee login to OrangeHRM portal</div>]]>
    </line>
    <line>
      <![CDATA[<div "result">Given  navigate to Orange HRM page (passed : 15s)</div>]]>
    </line>
    <line>
      <![CDATA[<div "result">When  user logged in using username as &quot;Admin&quot; and password as &quot;admin123&quot; (passed : 10s)</div>]]>
    </line>
    <line>
      <![CDATA[<div "result">Then  home page should be displayed (passed : 0s)</div>]]>
    </line>
    <line>
      <![CDATA[<div "scenarioOutline">Scenario Outline: TC05_Personal details- modification with valid values- &quot;First Name&quot;</div>]]>
    </line>
    <line>
      <![CDATA[<div "scenario">Scenario Outline: TC05_Personal details- modification with valid values- &quot;First Name&quot;</div>]]>
    </line>
    <line>
      <![CDATA[<div "result">Given  User is in to My Info Page (passed : 4s)</div>]]>
    </line>
    <line>
      <![CDATA[<div "result">When  User clicked on Edit button (passed : 1s)</div>]]>
    </line>
    <line>
      <![CDATA[<div "result">And  User changes the first name to &quot;&lt;first_name&gt;&quot; (passed : 1s)</div>]]>
    </line>
    <line>
      <![CDATA[<div "result">And  User clicked on save button (passed : 3s)</div>]]>
    </line>
    <line>
      <![CDATA[<div "result">Then  updated first name &quot;&lt;first_name&gt;&quot; should be diplayed (passed : 1s)</div>]]>
    </line>
    <line>
      <![CDATA[<div "scenario">Scenario: TC08_Check the upload of a PNG format image</div>]]>
    </line>
    <line>
      <![CDATA[<div "result">Given  User is in to My Info Page (passed : 2s)</div>]]>
    </line>
    <line>
      <![CDATA[<div "result">When  User clicked on Edit button (passed : 1s)</div>]]>
    </line>
    <line>
      <![CDATA[<div "result">And  User changes the first name to &quot;Rahul&quot; (passed : 7s)</div>]]>
    </line>
    <line>
      <![CDATA[<div "featureFile">Feature File: PIM_module.feature</div>]]>
    </line>
    <line>
      <![CDATA[<div "feature">Feature: OrangeHRM Admin Module Feature File</div>]]>
    </line>
    <line>
      <![CDATA[<div "scenarioOutline">Scenario Outline: TC36_Verify Orange HRM - PIM Module - User Management - Add Employee</div>]]>
    </line>
    <line>
      <![CDATA[<div "scenario">Scenario Outline: TC36_Verify Orange HRM - PIM Module - User Management - Add Employee</div>]]>
    </line>
    <line>
      <![CDATA[<div "result">And  User clicked on save button (passed : 1s)</div>]]>
    </line>
    <line>
      <![CDATA[<div "result">Then  updated first name &quot;Rahul&quot; should be diplayed (passed : 4s)</div>]]>
    </line>
    <line>
      <![CDATA[<div "result">When  User click on change photo (passed : 3s)</div>]]>
    </line>
    <line>
      <![CDATA[<div "result">And  User select a png photo to upload (passed : 2s)</div>]]>
    </line>
    <line>
      <![CDATA[<div "result">And  User click on upload button (passed : 4s)</div>]]>
    </line>
    <line>
      <![CDATA[<div "result">Given  User in on PIM Page (passed : 0s)</div>]]>
    </line>
    <line>
      <![CDATA[<div "featureFile">Feature File: admin_module.feature</div>]]>
    </line>
    <line>
      <![CDATA[<div "feature">Feature: OrangeHRM Admin Module Feature File</div>]]>
    </line>
    <line>
      <![CDATA[<div "scenario">Scenario: TC20_Verify Orange HRM - Admin Module - User Management - Add Feature</div>]]>
    </line>
    <line>
      <![CDATA[<div "result">When  User navigate to Employee list (passed : 1s)</div>]]>
    </line>
    <line>
      <![CDATA[<div "result">And  User click on Add Employee button (passed : 3s)</div>]]>
    </line>
    <line>
      <![CDATA[<div "result">And  User enter &quot;&lt;first_name&gt;&quot; and &quot;&lt;last_name&gt;&quot; of Employee (passed : 2s)</div>]]>
    </line>
    <line>
      <![CDATA[<div "result">And  User click on save button (passed : 0s)</div>]]>
    </line>
    <line>
      <![CDATA[<div "result">Then  Employee &quot;&lt;first_name&gt;&quot; &quot;&lt;last_name&gt;&quot; should be added (passed : 0s)</div>]]>
    </line>
  </reporter-output>
  <suite started-at="2021-01-25T11:18:14Z" name="Default suite" finished-at="2021-01-25T11:19:30Z" duration-ms="76764">
    <groups>
      <group name="cucumber">
        <method signature="AbstractTestNGCucumberTests.run_cukes()[pri:0, instance:test_runner.TestLogin@443dbe42]" name="run_cukes" class="cucumber.api.testng.AbstractTestNGCucumberTests"/>
      </group> <!-- cucumber -->
    </groups>
    <test started-at="2021-01-25T11:18:14Z" name="Default test" finished-at="2021-01-25T11:19:30Z" duration-ms="76764">
      <class name="test_runner.TestLogin">
        <test-method signature="run_cukes()[pri:0, instance:test_runner.TestLogin@443dbe42]" started-at="2021-01-25T11:18:14Z" name="run_cukes" description="Runs Cucumber Features" finished-at="2021-01-25T11:19:27Z" duration-ms="73585" status="PASS">
          <reporter-output>
            <line>
              <![CDATA[<div "featureFile">Feature File: Orange_hrm.feature</div>]]>
            </line>
            <line>
              <![CDATA[<div "feature">Feature: OrangeHRM Feature File</div>]]>
            </line>
            <line>
              <![CDATA[<div "scenario">Scenario: TC01_Successful Employee login to OrangeHRM portal</div>]]>
            </line>
            <line>
              <![CDATA[<div "result">Given  navigate to Orange HRM page (passed : 15s)</div>]]>
            </line>
            <line>
              <![CDATA[<div "result">When  user logged in using username as &quot;Admin&quot; and password as &quot;admin123&quot; (passed : 10s)</div>]]>
            </line>
            <line>
              <![CDATA[<div "result">Then  home page should be displayed (passed : 0s)</div>]]>
            </line>
            <line>
              <![CDATA[<div "scenarioOutline">Scenario Outline: TC05_Personal details- modification with valid values- &quot;First Name&quot;</div>]]>
            </line>
            <line>
              <![CDATA[<div "scenario">Scenario Outline: TC05_Personal details- modification with valid values- &quot;First Name&quot;</div>]]>
            </line>
            <line>
              <![CDATA[<div "result">Given  User is in to My Info Page (passed : 4s)</div>]]>
            </line>
            <line>
              <![CDATA[<div "result">When  User clicked on Edit button (passed : 1s)</div>]]>
            </line>
            <line>
              <![CDATA[<div "result">And  User changes the first name to &quot;&lt;first_name&gt;&quot; (passed : 1s)</div>]]>
            </line>
            <line>
              <![CDATA[<div "result">And  User clicked on save button (passed : 3s)</div>]]>
            </line>
            <line>
              <![CDATA[<div "result">Then  updated first name &quot;&lt;first_name&gt;&quot; should be diplayed (passed : 1s)</div>]]>
            </line>
            <line>
              <![CDATA[<div "scenario">Scenario: TC08_Check the upload of a PNG format image</div>]]>
            </line>
            <line>
              <![CDATA[<div "result">Given  User is in to My Info Page (passed : 2s)</div>]]>
            </line>
            <line>
              <![CDATA[<div "result">When  User clicked on Edit button (passed : 1s)</div>]]>
            </line>
            <line>
              <![CDATA[<div "result">And  User changes the first name to &quot;Rahul&quot; (passed : 7s)</div>]]>
            </line>
            <line>
              <![CDATA[<div "featureFile">Feature File: PIM_module.feature</div>]]>
            </line>
            <line>
              <![CDATA[<div "feature">Feature: OrangeHRM Admin Module Feature File</div>]]>
            </line>
            <line>
              <![CDATA[<div "scenarioOutline">Scenario Outline: TC36_Verify Orange HRM - PIM Module - User Management - Add Employee</div>]]>
            </line>
            <line>
              <![CDATA[<div "scenario">Scenario Outline: TC36_Verify Orange HRM - PIM Module - User Management - Add Employee</div>]]>
            </line>
            <line>
              <![CDATA[<div "result">And  User clicked on save button (passed : 1s)</div>]]>
            </line>
            <line>
              <![CDATA[<div "result">Then  updated first name &quot;Rahul&quot; should be diplayed (passed : 4s)</div>]]>
            </line>
            <line>
              <![CDATA[<div "result">When  User click on change photo (passed : 3s)</div>]]>
            </line>
            <line>
              <![CDATA[<div "result">And  User select a png photo to upload (passed : 2s)</div>]]>
            </line>
            <line>
              <![CDATA[<div "result">And  User click on upload button (passed : 4s)</div>]]>
            </line>
            <line>
              <![CDATA[<div "result">Given  User in on PIM Page (passed : 0s)</div>]]>
            </line>
            <line>
              <![CDATA[<div "featureFile">Feature File: admin_module.feature</div>]]>
            </line>
            <line>
              <![CDATA[<div "feature">Feature: OrangeHRM Admin Module Feature File</div>]]>
            </line>
            <line>
              <![CDATA[<div "scenario">Scenario: TC20_Verify Orange HRM - Admin Module - User Management - Add Feature</div>]]>
            </line>
            <line>
              <![CDATA[<div "result">When  User navigate to Employee list (passed : 1s)</div>]]>
            </line>
            <line>
              <![CDATA[<div "result">And  User click on Add Employee button (passed : 3s)</div>]]>
            </line>
            <line>
              <![CDATA[<div "result">And  User enter &quot;&lt;first_name&gt;&quot; and &quot;&lt;last_name&gt;&quot; of Employee (passed : 2s)</div>]]>
            </line>
            <line>
              <![CDATA[<div "result">And  User click on save button (passed : 0s)</div>]]>
            </line>
            <line>
              <![CDATA[<div "result">Then  Employee &quot;&lt;first_name&gt;&quot; &quot;&lt;last_name&gt;&quot; should be added (passed : 0s)</div>]]>
            </line>
          </reporter-output>
        </test-method> <!-- run_cukes -->
        <test-method is-config="true" signature="tearDown()[pri:0, instance:test_runner.TestLogin@443dbe42]" started-at="2021-01-25T11:19:27Z" name="tearDown" finished-at="2021-01-25T11:19:30Z" duration-ms="3056" status="PASS">
          <reporter-output>
          </reporter-output>
        </test-method> <!-- tearDown -->
      </class> <!-- test_runner.TestLogin -->
    </test> <!-- Default test -->
  </suite> <!-- Default suite -->
</testng-results>
